<?xml version="1.0" encoding="UTF-8"?>
<!-- Generated by org.testng.reporters.JUnitReportReporter -->
<testsuite hostname="ZSOON" failures="0" tests="1" name="Demo1_GET_REQUEST" time="1.012" errors="0" timestamp="20 Jan 2020 17:55:39 GMT" skipped="0">
  <testcase classname="Demo1_GET_REQUEST" name="getCityWeather" time="1.012"/>
</testsuite> <!-- Demo1_GET_REQUEST -->
