<?xml version="1.0" encoding="UTF-8"?>
<!-- Generated by org.testng.reporters.JUnitReportReporter -->
<testsuite hostname="ZSOON" failures="0" tests="1" name="Demo1_GET_REQUEST" time="1.124" errors="0" timestamp="21 Jan 2020 01:04:01 GMT" skipped="0">
  <testcase classname="Demo1_GET_REQUEST" name="getCityWeather" time="1.124"/>
</testsuite> <!-- Demo1_GET_REQUEST -->
